  chapter11.c
e:\visual studio 2013\vc\include\cstdio(36): error C2054: 'using' 다음에 '('가 필요합니다.
e:\visual studio 2013\vc\include\cstdio(36): error C2061: 구문 오류 : 식별자 'using'
e:\visual studio 2013\vc\include\cstdio(38): error C2054: 'using' 다음에 '('가 필요합니다.
e:\visual studio 2013\vc\include\cstdio(38): error C2061: 구문 오류 : 식별자 'using'
e:\visual studio 2013\vc\include\cstdio(39): error C2061: 구문 오류 : 식별자 'using'
e:\visual studio 2013\vc\include\cstdio(39): error C2061: 구문 오류 : 식별자 'fclose'
e:\visual studio 2013\vc\include\cstdio(39): error C2059: 구문 오류 : ';'
e:\visual studio 2013\vc\include\cstdio(39): error C2061: 구문 오류 : 식별자 'feof'
e:\visual studio 2013\vc\include\cstdio(40): error C2061: 구문 오류 : 식별자 'ferror'
e:\visual studio 2013\vc\include\cstdio(40): error C2059: 구문 오류 : ';'
e:\visual studio 2013\vc\include\cstdio(40): error C2061: 구문 오류 : 식별자 'fflush'
e:\visual studio 2013\vc\include\cstdio(40): error C2061: 구문 오류 : 식별자 'fgetc'
e:\visual studio 2013\vc\include\cstdio(41): error C2061: 구문 오류 : 식별자 'fgetpos'
e:\visual studio 2013\vc\include\cstdio(41): error C2059: 구문 오류 : ';'
e:\visual studio 2013\vc\include\cstdio(41): error C2061: 구문 오류 : 식별자 'fgets'
e:\visual studio 2013\vc\include\cstdio(41): error C2061: 구문 오류 : 식별자 'fopen'
e:\visual studio 2013\vc\include\cstdio(42): error C2061: 구문 오류 : 식별자 'fprintf'
e:\visual studio 2013\vc\include\cstdio(42): error C2059: 구문 오류 : ';'
e:\visual studio 2013\vc\include\cstdio(42): error C2061: 구문 오류 : 식별자 'fputc'
e:\visual studio 2013\vc\include\cstdio(42): error C2061: 구문 오류 : 식별자 'fputs'
e:\visual studio 2013\vc\include\cstdio(43): error C2061: 구문 오류 : 식별자 'fread'
e:\visual studio 2013\vc\include\cstdio(43): error C2059: 구문 오류 : ';'
e:\visual studio 2013\vc\include\cstdio(43): error C2061: 구문 오류 : 식별자 'freopen'
e:\visual studio 2013\vc\include\cstdio(43): error C2061: 구문 오류 : 식별자 'fscanf'
e:\visual studio 2013\vc\include\cstdio(44): error C2061: 구문 오류 : 식별자 'fseek'
e:\visual studio 2013\vc\include\cstdio(44): error C2059: 구문 오류 : ';'
e:\visual studio 2013\vc\include\cstdio(44): error C2061: 구문 오류 : 식별자 'fsetpos'
e:\visual studio 2013\vc\include\cstdio(44): error C2061: 구문 오류 : 식별자 'ftell'
e:\visual studio 2013\vc\include\cstdio(45): error C2061: 구문 오류 : 식별자 'fwrite'
e:\visual studio 2013\vc\include\cstdio(45): error C2059: 구문 오류 : ';'
e:\visual studio 2013\vc\include\cstdio(45): error C2061: 구문 오류 : 식별자 'getc'
e:\visual studio 2013\vc\include\cstdio(45): error C2061: 구문 오류 : 식별자 'getchar'
e:\visual studio 2013\vc\include\cstdio(46): error C2061: 구문 오류 : 식별자 'gets'
e:\visual studio 2013\vc\include\cstdio(46): error C2059: 구문 오류 : ';'
e:\visual studio 2013\vc\include\cstdio(46): error C2061: 구문 오류 : 식별자 'perror'
e:\visual studio 2013\vc\include\cstdio(47): error C2061: 구문 오류 : 식별자 'putc'
e:\visual studio 2013\vc\include\cstdio(47): error C2059: 구문 오류 : ';'
e:\visual studio 2013\vc\include\cstdio(47): error C2061: 구문 오류 : 식별자 'putchar'
e:\visual studio 2013\vc\include\cstdio(48): error C2061: 구문 오류 : 식별자 'printf'
e:\visual studio 2013\vc\include\cstdio(48): error C2059: 구문 오류 : ';'
e:\visual studio 2013\vc\include\cstdio(48): error C2061: 구문 오류 : 식별자 'puts'
e:\visual studio 2013\vc\include\cstdio(48): error C2061: 구문 오류 : 식별자 'remove'
e:\visual studio 2013\vc\include\cstdio(49): error C2061: 구문 오류 : 식별자 'rename'
e:\visual studio 2013\vc\include\cstdio(49): error C2059: 구문 오류 : ';'
e:\visual studio 2013\vc\include\cstdio(49): error C2061: 구문 오류 : 식별자 'rewind'
e:\visual studio 2013\vc\include\cstdio(49): error C2061: 구문 오류 : 식별자 'scanf'
e:\visual studio 2013\vc\include\cstdio(50): error C2061: 구문 오류 : 식별자 'setbuf'
e:\visual studio 2013\vc\include\cstdio(50): error C2059: 구문 오류 : ';'
e:\visual studio 2013\vc\include\cstdio(50): error C2061: 구문 오류 : 식별자 'setvbuf'
e:\visual studio 2013\vc\include\cstdio(50): error C2061: 구문 오류 : 식별자 'sprintf'
e:\visual studio 2013\vc\include\cstdio(51): error C2061: 구문 오류 : 식별자 'sscanf'
e:\visual studio 2013\vc\include\cstdio(51): error C2059: 구문 오류 : ';'
e:\visual studio 2013\vc\include\cstdio(51): error C2061: 구문 오류 : 식별자 'tmpfile'
e:\visual studio 2013\vc\include\cstdio(51): error C2061: 구문 오류 : 식별자 'tmpnam'
e:\visual studio 2013\vc\include\cstdio(52): error C2061: 구문 오류 : 식별자 'ungetc'
e:\visual studio 2013\vc\include\cstdio(52): error C2059: 구문 오류 : ';'
e:\visual studio 2013\vc\include\cstdio(52): error C2061: 구문 오류 : 식별자 'vfprintf'
e:\visual studio 2013\vc\include\cstdio(52): error C2061: 구문 오류 : 식별자 'vprintf'
e:\visual studio 2013\vc\include\cstdio(53): error C2061: 구문 오류 : 식별자 'vsprintf'
e:\visual studio 2013\vc\include\cstdio(53): error C2059: 구문 오류 : ';'
e:\visual studio 2013\vc\include\cstdio(55): error C2061: 구문 오류 : 식별자 'vsnprintf'
e:\visual studio 2013\vc\include\cstdio(55): error C2059: 구문 오류 : ';'
e:\visual studio 2013\vc\include\cstdio(56): error C2061: 구문 오류 : 식별자 'vfscanf'
e:\visual studio 2013\vc\include\cstdio(56): error C2059: 구문 오류 : ';'
e:\visual studio 2013\vc\include\cstdio(56): error C2061: 구문 오류 : 식별자 'vscanf'
e:\visual studio 2013\vc\include\cstdio(56): error C2061: 구문 오류 : 식별자 'vsscanf'
